<?xml version="1.0" encoding="UTF-8"?>
<!-- Generated by org.testng.reporters.JUnitReportReporter -->
<testsuite skipped="0" hostname="AshokMaddineni" name="com.parallelprocessing.NewTest2" tests="4" failures="0" timestamp="17 Jun 2020 08:37:20 GMT" time="88.013" errors="0">
  <testcase name="Gmail2" time="25.755" classname="com.parallelprocessing.NewTest2"/>
  <testcase name="Gmail3" time="31.537" classname="com.parallelprocessing.NewTest2"/>
  <testcase name="tc_6" time="0.002" classname="com.parallelprocessing.NewTest2"/>
  <testcase name="Gmail" time="30.719" classname="com.parallelprocessing.NewTest2"/>
</testsuite> <!-- com.parallelprocessing.NewTest2 -->
