<?xml version="1.0" encoding="UTF-8"?>
<!-- Generated by org.testng.reporters.JUnitReportReporter -->
<testsuite skipped="0" hostname="AshokMaddineni" name="com.parallelprocessing.Newtest4" tests="3" failures="0" timestamp="17 Jun 2020 07:23:07 GMT" time="0.008" errors="0">
  <testcase name="tc_2" time="0.002" classname="com.parallelprocessing.Newtest4"/>
  <testcase name="tc_3" time="0.001" classname="com.parallelprocessing.Newtest4"/>
  <testcase name="tc_1" time="0.005" classname="com.parallelprocessing.Newtest4"/>
</testsuite> <!-- com.parallelprocessing.Newtest4 -->
