<?xml version="1.0" encoding="UTF-8"?>
<!-- Generated by org.testng.reporters.JUnitReportReporter -->
<testsuite skipped="0" hostname="AshokMaddineni" name="com.parallelprocessing.NewTest1" tests="3" failures="0" timestamp="17 Jun 2020 08:22:55 GMT" time="0.006" errors="0">
  <testcase name="tc_6" time="0.000" classname="com.parallelprocessing.NewTest1"/>
  <testcase name="tc_4" time="0.005" classname="com.parallelprocessing.NewTest1"/>
  <testcase name="tc_5" time="0.001" classname="com.parallelprocessing.NewTest1"/>
</testsuite> <!-- com.parallelprocessing.NewTest1 -->
